<beans xmlns="http://www.springframework.org/schema/beans"
       xmlns:xsi="http://www.w3.org/2001/XMLSchema-instance" xmlns:jdbc="http://www.springframework.org/schema/jdbc"
       xsi:schemaLocation="http://www.springframework.org/schema/beans
       http://www.springframework.org/schema/beans/spring-beans.xsd
        http://www.springframework.org/schema/jdbc
       http://www.springframework.org/schema/jdbc/spring-jdbc.xsd">

    <bean id="mockUserDao" class="org.easymock.EasyMock" factory-method="createMock">
        <constructor-arg value="com.epam.brest.course2015.api.UserDao"/>
    </bean>


    <bean id="userService" class="com.epam.brest.course2015.service.UserServiceImpl">
        <property name="userDao" ref="mockUserDao"/>
    </bean>

</beans>